<?xml version="1.0" encoding="UTF-8"?>
<!-- Generated by org.testng.reporters.JUnitReportReporter -->
<testsuite hostname="NBADEE214X75" failures="0" tests="1" name="t1" time="11.785" errors="0" timestamp="2020-07-07T15:29:43 GMT-04:00" skipped="0">
  <testcase classname="t1" name="web" time="11.785"/>
  <system-out/>
</testsuite> <!-- t1 -->
