<?xml version="1.0" encoding="UTF-8"?>
<!-- Generated by org.testng.reporters.JUnitReportReporter -->
<testsuite hostname="NBADEE214X75" failures="0" tests="1" name="t2" time="11.768" errors="0" timestamp="2020-07-07T16:46:27 GMT-04:00" skipped="0">
  <testcase classname="t2" name="login" time="11.768"/>
  <system-out/>
</testsuite> <!-- t2 -->
